app/build/outputs/logs/manifest-merger-fdroid-debug-report.txt
-- Merging decision tree log ---
provider#com.hereliesaz.hg2gui.tuils.GenericFileProvider
INJECTED from src/main/AndroidManifest.xml:69:9-77:20
	android:authorities
		INJECTED from src/main/AndroidManifest.xml
manifest
ADDED from src/main/AndroidManifest.xml:2:1-218:12
MERGED from src/main/AndroidManifest.xml:2:1-218:12
INJECTED from src/fdroid/AndroidManifest.xml:2:1-8:12
INJECTED from src/fdroid/AndroidManifest.xml:2:1-8:12
INJECTED from src/fdroid/AndroidManifest.xml:2:1-8:12
MERGED from [com.google.android.material:material:1.13.0] AndroidManifest.xml:17:1-24:12
MERGED from [androidx.appcompat:appcompat-resources:1.7.1] AndroidManifest.xml:2:1-7:12
MERGED from [androidx.constraintlayout:constraintlayout:2.1.0] AndroidManifest.xml:2:1-11:12
MERGED from [androidx.appcompat:appcompat:1.7.1] AndroidManifest.xml:2:1-7:12
MERGED from [androidx.viewpager2:viewpager2:1.0.0] AndroidManifest.xml:17:1-24:12
MERGED from [androidx.fragment:fragment:1.5.4] AndroidManifest.xml:17:1-24:12
MERGED from [androidx.compose.material3:material3-android:1.4.0] AndroidManifest.xml:17:1-22:12
MERGED from [androidx.compose.material:material-android:1.9.2] AndroidManifest.xml:2:1-7:12
MERGED from [androidx.compose.animation:animation-core-android:1.9.2] AndroidManifest.xml:2:1-7:12
MERGED from [androidx.compose.material:material-ripple-android:1.9.2] AndroidManifest.xml:2:1-7:12
MERGED from [androidx.compose.ui:ui-tooling-data-android:1.9.2] AndroidManifest.xml:2:1-7:12
MERGED from [androidx.compose.ui:ui-unit-android:1.9.2] AndroidManifest.xml:2:1-7:12
MERGED from [androidx.compose.ui:ui-graphics-android:1.9.2] AndroidManifest.xml:2:1-7:12
MERGED from [androidx.compose.ui:ui-geometry-android:1.9.2] AndroidManifest.xml:2:1-7:12
MERGED from [androidx.compose.ui:ui-util-android:1.9.2] AndroidManifest.xml:2:1-7:12
MERGED from [androidx.compose.ui:ui-text-android:1.9.2] AndroidManifest.xml:2:1-7:12
MERGED from [androidx.compose.ui:ui-tooling-preview-android:1.9.2] AndroidManifest.xml:17:1-22:12
MERGED from [androidx.compose.ui:ui-tooling-android:1.9.2] AndroidManifest.xml:17:1-28:12
MERGED from [androidx.compose.animation:animation-android:1.9.2] AndroidManifest.xml:2:1-7:12
MERGED from [androidx.compose.foundation:foundation-layout-android:1.9.2] AndroidManifest.xml:2:1-7:12
MERGED from [androidx.compose.foundation:foundation-android:1.9.2] AndroidManifest.xml:2:1-7:12
MERGED from [androidx.compose.ui:ui-android:1.9.2] AndroidManifest.xml:2:1-7:12
MERGED from [androidx.activity:activity-ktx:1.11.0] AndroidManifest.xml:2:1-7:12
MERGED from [androidx.activity:activity:1.11.0] AndroidManifest.xml:17:1-22:12
MERGED from [androidx.activity:activity-compose:1.11.0] AndroidManifest.xml:2:1-7:12
MERGED from [androidx.drawerlayout:drawerlayout:1.1.1] AndroidManifest.xml:17:1-24:12
MERGED from [androidx.coordinatorlayout:coordinatorlayout:1.1.0] AndroidManifest.xml:17:1-24:12
MERGED from [androidx.transition:transition:1.5.0] AndroidManifest.xml:2:1-7:12
MERGED from [androidx.dynamicanimation:dynamicanimation:1.1.0] AndroidManifest.xml:2:1-7:12
MERGED from [androidx.recyclerview:recyclerview:1.2.1] AndroidManifest.xml:17:1-24:12
MERGED from [androidx.vectordrawable:vectordrawable-animated:1.1.0] AndroidManifest.xml:17:1-24:12
MERGED from [androidx.vectordrawable:vectordrawable:1.1.0] AndroidManifest.xml:17:1-24:12
MERGED from [androidx.loader:loader:1.0.0] AndroidManifest.xml:17:1-22:12
MERGED from [androidx.viewpager:viewpager:1.0.0] AndroidManifest.xml:17:1-22:12
MERGED from [androidx.customview:customview:1.1.0] AndroidManifest.xml:17:1-24:12
MERGED from [androidx.autofill:autofill:1.0.0] AndroidManifest.xml:17:1-24:12
MERGED from [androidx.emoji2:emoji2-views-helper:1.4.0] AndroidManifest.xml:2:1-7:12
MERGED from [androidx.emoji2:emoji2:1.4.0] AndroidManifest.xml:17:1-35:12
MERGED from [androidx.graphics:graphics-path:1.0.1] AndroidManifest.xml:2:1-7:12
MERGED from [androidx.core:core:1.17.0] AndroidManifest.xml:17:1-30:12
MERGED from [androidx.graphics:graphics-shapes-android:1.0.1] AndroidManifest.xml:2:1-7:12
MERGED from [androidx.customview:customview-poolingcontainer:1.0.0] AndroidManifest.xml:17:1-23:12
MERGED from [androidx.compose.runtime:runtime-annotation-android:1.9.2] AndroidManifest.xml:2:1-7:12
MERGED from [androidx.lifecycle:lifecycle-viewmodel-savedstate-android:2.9.4] AndroidManifest.xml:17:1-22:12
MERGED from [androidx.lifecycle:lifecycle-viewmodel:2.9.4] AndroidManifest.xml:2:1-5:12
MERGED from [androidx.lifecycle:lifecycle-viewmodel-android:2.9.4] AndroidManifest.xml:17:1-22:12
MERGED from [androidx.lifecycle:lifecycle-livedata-core-ktx:2.9.4] AndroidManifest.xml:2:1-7:12
MERGED from [androidx.savedstate:savedstate-ktx:1.3.3] AndroidManifest.xml:2:1-7:12
MERGED from [androidx.savedstate:savedstate-android:1.3.3] AndroidManifest.xml:17:1-22:12
MERGED from [androidx.lifecycle:lifecycle-runtime-ktx-android:2.9.4] AndroidManifest.xml:2:1-7:12
MERGED from [androidx.lifecycle:lifecycle-runtime-android:2.9.4] AndroidManifest.xml:17:1-22:12
MERGED from [androidx.lifecycle:lifecycle-process:2.9.4] AndroidManifest.xml:17:1-35:12
MERGED from [androidx.lifecycle:lifecycle-viewmodel-ktx:2.9.4] AndroidManifest.xml:2:1-7:12
MERGED from [androidx.lifecycle:lifecycle-livedata-core:2.9.4] AndroidManifest.xml:17:1-22:12
MERGED from [androidx.lifecycle:lifecycle-livedata:2.9.4] AndroidManifest.xml:17:1-22:12
MERGED from [androidx.lifecycle:lifecycle-runtime-compose-android:2.9.4] AndroidManifest.xml:2:1-7:12
MERGED from [androidx.compose.runtime:runtime-android:1.9.2] AndroidManifest.xml:2:1-7:12
MERGED from [androidx.compose.runtime:runtime-saveable-android:1.9.2] AndroidManifest.xml:2:1-7:12
MERGED from [androidx.savedstate:savedstate-compose-android:1.3.3] AndroidManifest.xml:2:1-7:12
MERGED from [androidx.core:core-ktx:1.17.0] AndroidManifest.xml:2:1-7:12
MERGED from [androidx.annotation:annotation-experimental:1.4.1] AndroidManifest.xml:2:1-7:12
MERGED from [androidx.core:core-viewtree:1.0.0] AndroidManifest.xml:2:1-7:12
MERGED from [androidx.versionedparcelable:versionedparcelable:1.1.1] AndroidManifest.xml:17:1-27:12
MERGED from [androidx.localbroadcastmanager:localbroadcastmanager:1.1.0] AndroidManifest.xml:17:1-24:12
MERGED from [androidx.cursoradapter:cursoradapter:1.0.0] AndroidManifest.xml:17:1-22:12
MERGED from [androidx.cardview:cardview:1.0.0] AndroidManifest.xml:17:1-22:12
MERGED from [androidx.profileinstaller:profileinstaller:1.4.0] AndroidManifest.xml:17:1-55:12
MERGED from [androidx.startup:startup-runtime:1.1.1] AndroidManifest.xml:17:1-33:12
MERGED from [androidx.interpolator:interpolator:1.0.0] AndroidManifest.xml:17:1-22:12
MERGED from [androidx.tracing:tracing:1.2.0] AndroidManifest.xml:17:1-22:12
MERGED from [androidx.arch.core:core-runtime:2.2.0] AndroidManifest.xml:17:1-22:12
	package
		ADDED from src/fdroid/AndroidManifest.xml:3:5-36
		INJECTED from src/fdroid/AndroidManifest.xml
	android:versionName
		INJECTED from src/fdroid/AndroidManifest.xml
	android:versionCode
		INJECTED from src/fdroid/AndroidManifest.xml
	xmlns:android
		ADDED from src/main/AndroidManifest.xml:2:11-69
supports-screens
ADDED from src/main/AndroidManifest.xml:4:5-9:39
	android:largeScreens
		ADDED from src/main/AndroidManifest.xml:6:9-36
	android:smallScreens
		ADDED from src/main/AndroidManifest.xml:9:9-36
	android:normalScreens
		ADDED from src/main/AndroidManifest.xml:7:9-37
	android:resizeable
		ADDED from src/main/AndroidManifest.xml:8:9-34
	android:anyDensity
		ADDED from src/main/AndroidManifest.xml:5:9-34
uses-permission#android.permission.CHANGE_NETWORK_STATE
ADDED from src/main/AndroidManifest.xml:11:5-79
	android:name
		ADDED from src/main/AndroidManifest.xml:11:22-76
uses-permission#android.permission.ACCESS_NETWORK_STATE
ADDED from src/main/AndroidManifest.xml:12:5-79
	android:name
		ADDED from src/main/AndroidManifest.xml:12:22-76
uses-permission#android.permission.WRITE_SETTINGS
ADDED from src/main/AndroidManifest.xml:13:5-73
	android:name
		ADDED from src/main/AndroidManifest.xml:13:22-70
uses-permission#android.permission.INTERNET
ADDED from src/main/AndroidManifest.xml:14:5-67
	android:name
		ADDED from src/main/AndroidManifest.xml:14:22-64
uses-permission#android.permission.VIBRATE
ADDED from src/main/AndroidManifest.xml:15:5-66
	android:name
		ADDED from src/main/AndroidManifest.xml:15:22-63
uses-permission#android.permission.ACCESS_FINE_LOCATION
ADDED from src/main/AndroidManifest.xml:16:5-79
	android:name
		ADDED from src/main/AndroidManifest.xml:16:22-76
uses-permission#android.permission.ACCESS_COARSE_LOCATION
ADDED from src/main/AndroidManifest.xml:17:5-81
	android:name
		ADDED from src/main/AndroidManifest.xml:17:22-78
uses-permission#android.permission.READ_PHONE_STATE
ADDED from src/main/AndroidManifest.xml:18:5-75
	android:name
		ADDED from src/main/AndroidManifest.xml:18:22-72
uses-permission#android.permission.WAKE_LOCK
ADDED from src/main/AndroidManifest.xml:19:5-69
	android:name
		ADDED from src/main/AndroidManifest.xml:19:22-65
permission#android.permission.FLASHLIGHT
ADDED from src/main/AndroidManifest.xml:21:5-26:44
	android:label
		ADDED from src/main/AndroidManifest.xml:24:9-43
	android:protectionLevel
		ADDED from src/main/AndroidManifest.xml:26:9-41
	android:permissionGroup
		ADDED from src/main/AndroidManifest.xml:25:9-77
	android:description
		ADDED from src/main/AndroidManifest.xml:23:9-49
	android:name
		ADDED from src/main/AndroidManifest.xml:22:9-53
uses-feature#android.hardware.camera
ADDED from src/main/AndroidManifest.xml:29:5-31:36
	android:required
		ADDED from src/main/AndroidManifest.xml:31:9-33
	android:name
		ADDED from src/main/AndroidManifest.xml:30:9-47
uses-feature#android.hardware.camera.flash
ADDED from src/main/AndroidManifest.xml:32:5-34:36
	android:required
		ADDED from src/main/AndroidManifest.xml:34:9-33
	android:name
		ADDED from src/main/AndroidManifest.xml:33:9-53
uses-feature#android.hardware.camera.autofocus
ADDED from src/main/AndroidManifest.xml:35:5-37:36
	android:required
		ADDED from src/main/AndroidManifest.xml:37:9-33
	android:name
		ADDED from src/main/AndroidManifest.xml:36:9-57
uses-feature#android.hardware.telephony
ADDED from src/main/AndroidManifest.xml:38:5-40:36
	android:required
		ADDED from src/main/AndroidManifest.xml:40:9-33
	android:name
		ADDED from src/main/AndroidManifest.xml:39:9-50
uses-feature#android.hardware.wifi
ADDED from src/main/AndroidManifest.xml:41:5-43:36
	android:required
		ADDED from src/main/AndroidManifest.xml:43:9-33
	android:name
		ADDED from src/main/AndroidManifest.xml:42:9-45
uses-feature#android.hardware.touchscreen
ADDED from src/main/AndroidManifest.xml:44:5-46:36
	android:required
		ADDED from src/main/AndroidManifest.xml:46:9-33
	android:name
		ADDED from src/main/AndroidManifest.xml:45:9-52
uses-feature#android.hardware.bluetooth
ADDED from src/main/AndroidManifest.xml:47:5-49:36
	android:required
		ADDED from src/main/AndroidManifest.xml:49:9-33
	android:name
		ADDED from src/main/AndroidManifest.xml:48:9-50
uses-feature#android.hardware.location.gps
ADDED from src/main/AndroidManifest.xml:50:5-52:36
	android:required
		ADDED from src/main/AndroidManifest.xml:52:9-33
	android:name
		ADDED from src/main/AndroidManifest.xml:51:9-53
uses-feature#android.hardware.location
ADDED from src/main/AndroidManifest.xml:53:5-55:36
	android:required
		ADDED from src/main/AndroidManifest.xml:55:9-33
	android:name
		ADDED from src/main/AndroidManifest.xml:54:9-49
uses-feature#android.hardware.location.network
ADDED from src/main/AndroidManifest.xml:56:5-58:36
	android:required
		ADDED from src/main/AndroidManifest.xml:58:9-33
	android:name
		ADDED from src/main/AndroidManifest.xml:57:9-57
uses-feature#android.hardware.audio.output
ADDED from src/main/AndroidManifest.xml:59:5-61:36
	android:required
		ADDED from src/main/AndroidManifest.xml:61:9-33
	android:name
		ADDED from src/main/AndroidManifest.xml:60:9-53
application
ADDED from src/main/AndroidManifest.xml:63:5-216:19
INJECTED from src/fdroid/AndroidManifest.xml
MERGED from [com.google.android.material:material:1.13.0] AndroidManifest.xml:22:5-20
MERGED from [com.google.android.material:material:1.13.0] AndroidManifest.xml:22:5-20
MERGED from [androidx.constraintlayout:constraintlayout:2.1.0] AndroidManifest.xml:9:5-20
MERGED from [androidx.constraintlayout:constraintlayout:2.1.0] AndroidManifest.xml:9:5-20
MERGED from [androidx.compose.ui:ui-tooling-android:1.9.2] AndroidManifest.xml:22:5-26:19
MERGED from [androidx.compose.ui:ui-tooling-android:1.9.2] AndroidManifest.xml:22:5-26:19
MERGED from [androidx.emoji2:emoji2:1.4.0] AndroidManifest.xml:23:5-33:19
MERGED from [androidx.emoji2:emoji2:1.4.0] AndroidManifest.xml:23:5-33:19
MERGED from [androidx.core:core:1.17.0] AndroidManifest.xml:28:5-89
MERGED from [androidx.core:core:1.17.0] AndroidManifest.xml:28:5-89
MERGED from [androidx.lifecycle:lifecycle-process:2.9.4] AndroidManifest.xml:23:5-33:19
MERGED from [androidx.lifecycle:lifecycle-process:2.9.4] AndroidManifest.xml:23:5-33:19
MERGED from [androidx.versionedparcelable:versionedparcelable:1.1.1] AndroidManifest.xml:24:5-25:19
MERGED from [androidx.versionedparcelable:versionedparcelable:1.1.1] AndroidManifest.xml:24:5-25:19
MERGED from [androidx.profileinstaller:profileinstaller:1.4.0] AndroidManifest.xml:23:5-53:19
MERGED from [androidx.profileinstaller:profileinstaller:1.4.0] AndroidManifest.xml:23:5-53:19
MERGED from [androidx.startup:startup-runtime:1.1.1] AndroidManifest.xml:25:5-31:19
MERGED from [androidx.startup:startup-runtime:1.1.1] AndroidManifest.xml:25:5-31:19
	android:extractNativeLibs
		INJECTED from src/fdroid/AndroidManifest.xml
	android:appComponentFactory
		ADDED from [androidx.core:core:1.17.0] AndroidManifest.xml:28:18-86
	android:label
		ADDED from src/main/AndroidManifest.xml:66:9-41
	android:icon
		ADDED from src/main/AndroidManifest.xml:65:9-43
	android:allowBackup
		ADDED from src/main/AndroidManifest.xml:64:9-35
	android:theme
		ADDED from src/main/AndroidManifest.xml:67:9-44
activity#com.hereliesaz.hg2gui.LauncherActivity
ADDED from src/main/AndroidManifest.xml:79:9-95:20
	android:enabled
		ADDED from src/main/AndroidManifest.xml:83:13-35
	android:clearTaskOnLaunch
		ADDED from src/main/AndroidManifest.xml:81:13-45
	android:stateNotNeeded
		ADDED from src/main/AndroidManifest.xml:87:13-42
	android:excludeFromRecents
		ADDED from src/main/AndroidManifest.xml:84:13-46
	android:launchMode
		ADDED from src/main/AndroidManifest.xml:85:13-44
	android:windowSoftInputMode
		ADDED from src/main/AndroidManifest.xml:90:13-74
	android:exported
		ADDED from src/main/AndroidManifest.xml:89:13-36
	android:resumeWhilePausing
		ADDED from src/main/AndroidManifest.xml:86:13-46
	android:configChanges
		ADDED from src/main/AndroidManifest.xml:82:13-94
	android:taskAffinity
		ADDED from src/main/AndroidManifest.xml:88:13-36
	android:name
		ADDED from src/main/AndroidManifest.xml:80:13-45
intent-filter#action:name:android.intent.action.MAIN+category:name:android.intent.category.LAUNCHER
ADDED from src/main/AndroidManifest.xml:91:13-94:29
action#android.intent.action.MAIN
ADDED from src/main/AndroidManifest.xml:92:17-69
	android:name
		ADDED from src/main/AndroidManifest.xml:92:25-66
category#android.intent.category.LAUNCHER
ADDED from src/main/AndroidManifest.xml:93:17-77
	android:name
		ADDED from src/main/AndroidManifest.xml:93:27-74
receiver#com.hereliesaz.hg2gui.tuils.stuff.PolicyReceiver
ADDED from src/main/AndroidManifest.xml:97:9-110:20
	android:exported
		ADDED from src/main/AndroidManifest.xml:100:13-36
	android:permission
		ADDED from src/main/AndroidManifest.xml:101:13-70
	android:description
		ADDED from src/main/AndroidManifest.xml:99:13-59
	android:name
		ADDED from src/main/AndroidManifest.xml:98:13-55
meta-data#android.app.device_admin
ADDED from src/main/AndroidManifest.xml:102:13-104:50
	android:resource
		ADDED from src/main/AndroidManifest.xml:104:17-47
	android:name
		ADDED from src/main/AndroidManifest.xml:103:17-56
intent-filter#action:name:android.app.action.DEVICE_ADMIN_DISABLED+action:name:android.app.action.DEVICE_ADMIN_ENABLED
ADDED from src/main/AndroidManifest.xml:106:13-109:29
action#android.app.action.DEVICE_ADMIN_ENABLED
ADDED from src/main/AndroidManifest.xml:107:17-82
	android:name
		ADDED from src/main/AndroidManifest.xml:107:25-79
action#android.app.action.DEVICE_ADMIN_DISABLED
ADDED from src/main/AndroidManifest.xml:108:17-83
	android:name
		ADDED from src/main/AndroidManifest.xml:108:25-80
service#com.hereliesaz.hg2gui.managers.notifications.KeeperService
ADDED from src/main/AndroidManifest.xml:112:9-115:40
	android:enabled
		ADDED from src/main/AndroidManifest.xml:114:13-35
	android:exported
		ADDED from src/main/AndroidManifest.xml:115:13-37
	android:name
		ADDED from src/main/AndroidManifest.xml:113:13-65
service#com.hereliesaz.hg2gui.managers.music.MusicService
ADDED from src/main/AndroidManifest.xml:116:9-119:39
	android:enabled
		ADDED from src/main/AndroidManifest.xml:118:13-35
	android:exported
		ADDED from src/main/AndroidManifest.xml:119:13-36
	android:name
		ADDED from src/main/AndroidManifest.xml:117:13-56
activity#com.hereliesaz.hg2gui.commands.tuixt.TuixtActivity
ADDED from src/main/AndroidManifest.xml:121:9-158:20
	android:label
		ADDED from src/main/AndroidManifest.xml:124:13-48
	android:excludeFromRecents
		ADDED from src/main/AndroidManifest.xml:123:13-46
	android:windowSoftInputMode
		ADDED from src/main/AndroidManifest.xml:128:13-74
	android:noHistory
		ADDED from src/main/AndroidManifest.xml:125:13-37
	android:exported
		ADDED from src/main/AndroidManifest.xml:127:13-36
	android:theme
		ADDED from src/main/AndroidManifest.xml:126:13-48
	android:name
		ADDED from src/main/AndroidManifest.xml:122:13-57
meta-data#android.support.PARENT_ACTIVITY
ADDED from src/main/AndroidManifest.xml:129:13-131:53
	android:value
		ADDED from src/main/AndroidManifest.xml:131:17-50
	android:name
		ADDED from src/main/AndroidManifest.xml:130:17-63
intent-filter#action:name:android.intent.action.EDIT+action:name:android.intent.action.VIEW+category:name:android.intent.category.DEFAULT+data:mimeType:text/*
ADDED from src/main/AndroidManifest.xml:133:13-138:29
action#android.intent.action.VIEW
ADDED from src/main/AndroidManifest.xml:134:17-69
	android:name
		ADDED from src/main/AndroidManifest.xml:134:25-66
action#android.intent.action.EDIT
ADDED from src/main/AndroidManifest.xml:135:17-69
	android:name
		ADDED from src/main/AndroidManifest.xml:135:25-66
data
ADDED from src/main/AndroidManifest.xml:136:17-51
	android:mimeType
		ADDED from src/main/AndroidManifest.xml:136:23-48
category#android.intent.category.DEFAULT
ADDED from src/main/AndroidManifest.xml:137:17-76
	android:name
		ADDED from src/main/AndroidManifest.xml:137:27-73
intent-filter#action:name:android.intent.action.EDIT+action:name:android.intent.action.VIEW+category:name:android.intent.category.DEFAULT+data:host:*+data:host:*+data:host:*+data:host:*+data:host:*+data:host:*+data:host:*+data:host:*+data:host:*+data:host:*+data:host:*+data:host:*+data:host:*+data:pathPattern:.*\.cfg+data:pathPattern:.*\.conf+data:pathPattern:.*\.db+data:pathPattern:.*\.htm+data:pathPattern:.*\.html+data:pathPattern:.*\.ini+data:pathPattern:.*\.js+data:pathPattern:.*\.log+data:pathPattern:.*\.php+data:pathPattern:.*\.sh+data:pathPattern:.*\.txt+data:pathPattern:.*\.xhtml+data:pathPattern:.*\.xml+data:scheme:file+data:scheme:file+data:scheme:file+data:scheme:file+data:scheme:file+data:scheme:file+data:scheme:file+data:scheme:file+data:scheme:file+data:scheme:file+data:scheme:file+data:scheme:file+data:scheme:file
ADDED from src/main/AndroidManifest.xml:140:13-157:29
activity#com.hereliesaz.hg2gui.MitosisMenuActivity
ADDED from src/main/AndroidManifest.xml:160:9-164:51
	android:screenOrientation
		ADDED from src/main/AndroidManifest.xml:164:13-49
	android:label
		ADDED from src/main/AndroidManifest.xml:162:13-33
	android:theme
		ADDED from src/main/AndroidManifest.xml:163:13-48
	android:name
		ADDED from src/main/AndroidManifest.xml:161:13-48
service#com.hereliesaz.hg2gui.managers.notifications.NotificationService
ADDED from src/main/AndroidManifest.xml:166:9-174:19
	android:label
		ADDED from src/main/AndroidManifest.xml:168:13-56
	android:exported
		ADDED from src/main/AndroidManifest.xml:169:13-36
	android:permission
		ADDED from src/main/AndroidManifest.xml:170:13-87
	android:name
		ADDED from src/main/AndroidManifest.xml:167:13-71
intent-filter#action:name:android.service.notification.NotificationListenerService
ADDED from src/main/AndroidManifest.xml:171:13-173:29
action#android.service.notification.NotificationListenerService
ADDED from src/main/AndroidManifest.xml:172:17-99
	android:name
		ADDED from src/main/AndroidManifest.xml:172:25-96
service#com.hereliesaz.hg2gui.managers.notifications.NotificationMonitorService
ADDED from src/main/AndroidManifest.xml:175:9-86
	android:name
		ADDED from src/main/AndroidManifest.xml:175:18-83
activity#com.hereliesaz.hg2gui.SnakeMenuActivity
ADDED from src/main/AndroidManifest.xml:177:9-55
	android:name
		ADDED from src/main/AndroidManifest.xml:177:19-52
activity#com.hereliesaz.hg2gui.MagnetMenuActivity
ADDED from src/main/AndroidManifest.xml:178:9-92
	android:theme
		ADDED from src/main/AndroidManifest.xml:178:54-89
	android:name
		ADDED from src/main/AndroidManifest.xml:178:19-53
activity#com.hereliesaz.hg2gui.OrigamiMenuActivity
ADDED from src/main/AndroidManifest.xml:179:9-107
	android:theme
		ADDED from src/main/AndroidManifest.xml:179:55-105
	android:name
		ADDED from src/main/AndroidManifest.xml:179:19-54
activity#com.hereliesaz.hg2gui.DontPanicActivity
ADDED from src/main/AndroidManifest.xml:181:9-185:51
	android:screenOrientation
		ADDED from src/main/AndroidManifest.xml:185:13-49
	android:launchMode
		ADDED from src/main/AndroidManifest.xml:184:13-43
	android:theme
		ADDED from src/main/AndroidManifest.xml:183:13-71
	android:name
		ADDED from src/main/AndroidManifest.xml:182:13-46
activity#com.hereliesaz.hg2gui.tuils.stuff.FakeLauncherActivity
ADDED from src/main/AndroidManifest.xml:187:9-194:20
	android:enabled
		ADDED from src/main/AndroidManifest.xml:189:13-36
	android:exported
		ADDED from src/main/AndroidManifest.xml:190:13-36
	android:name
		ADDED from src/main/AndroidManifest.xml:188:13-61
intent-filter#action:name:android.intent.action.MAIN
ADDED from src/main/AndroidManifest.xml:191:13-193:29
activity#com.hereliesaz.hg2gui.GuideActivity
ADDED from src/main/AndroidManifest.xml:196:9-200:49
	android:excludeFromRecents
		ADDED from src/main/AndroidManifest.xml:200:13-46
	android:windowSoftInputMode
		ADDED from src/main/AndroidManifest.xml:199:13-55
	android:theme
		ADDED from src/main/AndroidManifest.xml:198:13-48
	android:name
		ADDED from src/main/AndroidManifest.xml:197:13-42
activity#com.hereliesaz.hg2gui.PanicActivity
ADDED from src/main/AndroidManifest.xml:202:9-204:51
	android:theme
		ADDED from src/main/AndroidManifest.xml:204:13-48
	android:name
		ADDED from src/main/AndroidManifest.xml:203:13-42
activity#com.hereliesaz.hg2gui.commands.tentacle.TentacleActivity
ADDED from src/main/AndroidManifest.xml:206:9-215:20
	android:label
		ADDED from src/main/AndroidManifest.xml:208:13-42
	android:exported
		ADDED from src/main/AndroidManifest.xml:209:13-36
	android:theme
		ADDED from src/main/AndroidManifest.xml:210:13-48
	android:name
		ADDED from src/main/AndroidManifest.xml:207:13-63
uses-permission#android.permission.WRITE_SMS
ADDED from src/fdroid/AndroidManifest.xml:5:5-68
	android:name
		ADDED from src/fdroid/AndroidManifest.xml:5:22-65
uses-permission#android.permission.SEND_SMS
ADDED from src/fdroid/AndroidManifest.xml:6:5-66
	android:name
		ADDED from src/fdroid/AndroidManifest.xml:6:22-64
uses-sdk
INJECTED from src/fdroid/AndroidManifest.xml reason: use-sdk injection requested
INJECTED from src/fdroid/AndroidManifest.xml
INJECTED from src/fdroid/AndroidManifest.xml
MERGED from [com.google.android.material:material:1.13.0] AndroidManifest.xml:20:5-44
MERGED from [com.google.android.material:material:1.13.0] AndroidManifest.xml:20:5-44
MERGED from [androidx.appcompat:appcompat-resources:1.7.1] AndroidManifest.xml:5:5-44
MERGED from [androidx.appcompat:appcompat-resources:1.7.1] AndroidManifest.xml:5:5-44
MERGED from [androidx.constraintlayout:constraintlayout:2.1.0] AndroidManifest.xml:5:5-7:41
MERGED from [androidx.constraintlayout:constraintlayout:2.1.0] AndroidManifest.xml:5:5-7:41
MERGED from [androidx.appcompat:appcompat:1.7.1] AndroidManifest.xml:5:5-44
MERGED from [androidx.appcompat:appcompat:1.7.1] AndroidManifest.xml:5:5-44
MERGED from [androidx.viewpager2:viewpager2:1.0.0] AndroidManifest.xml:20:5-22:41
MERGED from [androidx.viewpager2:viewpager2:1.0.0] AndroidManifest.xml:20:5-22:41
MERGED from [androidx.fragment:fragment:1.5.4] AndroidManifest.xml:20:5-22:41
MERGED from [androidx.fragment:fragment:1.5.4] AndroidManifest.xml:20:5-22:41
MERGED from [androidx.compose.material3:material3-android:1.4.0] AndroidManifest.xml:20:5-44
MERGED from [androidx.compose.material3:material3-android:1.4.0] AndroidManifest.xml:20:5-44
MERGED from [androidx.compose.material:material-android:1.9.2] AndroidManifest.xml:5:5-44
MERGED from [androidx.compose.material:material-android:1.9.2] AndroidManifest.xml:5:5-44
MERGED from [androidx.compose.animation:animation-core-android:1.9.2] AndroidManifest.xml:5:5-44
MERGED from [androidx.compose.animation:animation-core-android:1.9.2] AndroidManifest.xml:5:5-44
MERGED from [androidx.compose.material:material-ripple-android:1.9.2] AndroidManifest.xml:5:5-44
MERGED from [androidx.compose.material:material-ripple-android:1.9.2] AndroidManifest.xml:5:5-44
MERGED from [androidx.compose.ui:ui-tooling-data-android:1.9.2] AndroidManifest.xml:5:5-44
MERGED from [androidx.compose.ui:ui-tooling-data-android:1.9.2] AndroidManifest.xml:5:5-44
MERGED from [androidx.compose.ui:ui-unit-android:1.9.2] AndroidManifest.xml:5:5-44
MERGED from [androidx.compose.ui:ui-unit-android:1.9.2] AndroidManifest.xml:5:5-44
MERGED from [androidx.compose.ui:ui-graphics-android:1.9.2] AndroidManifest.xml:5:5-44
MERGED from [androidx.compose.ui:ui-graphics-android:1.9.2] AndroidManifest.xml:5:5-44
MERGED from [androidx.compose.ui:ui-geometry-android:1.9.2] AndroidManifest.xml:5:5-44
MERGED from [androidx.compose.ui:ui-geometry-android:1.9.2] AndroidManifest.xml:5:5-44
MERGED from [androidx.compose.ui:ui-util-android:1.9.2] AndroidManifest.xml:5:5-44
MERGED from [androidx.compose.ui:ui-util-android:1.9.2] AndroidManifest.xml:5:5-44
MERGED from [androidx.compose.ui:ui-text-android:1.9.2] AndroidManifest.xml:5:5-44
MERGED from [androidx.compose.ui:ui-text-android:1.9.2] AndroidManifest.xml:5:5-44
MERGED from [androidx.compose.ui:ui-tooling-preview-android:1.9.2] AndroidManifest.xml:20:5-44
MERGED from [androidx.compose.ui:ui-tooling-preview-android:1.9.2] AndroidManifest.xml:20:5-44
MERGED from [androidx.compose.ui:ui-tooling-android:1.9.2] AndroidManifest.xml:20:5-44
MERGED from [androidx.compose.ui:ui-tooling-android:1.9.2] AndroidManifest.xml:20:5-44
MERGED from [androidx.compose.animation:animation-android:1.9.2] AndroidManifest.xml:5:5-44
MERGED from [androidx.compose.animation:animation-android:1.9.2] AndroidManifest.xml:5:5-44
MERGED from [androidx.compose.foundation:foundation-layout-android:1.9.2] AndroidManifest.xml:5:5-44
MERGED from [androidx.compose.foundation:foundation-layout-android:1.9.2] AndroidManifest.xml:5:5-44
MERGED from [androidx.compose.foundation:foundation-android:1.9.2] AndroidManifest.xml:5:5-44
MERGED from [androidx.compose.foundation:foundation-android:1.9.2] AndroidManifest.xml:5:5-44
MERGED from [androidx.compose.ui:ui-android:1.9.2] AndroidManifest.xml:5:5-44
MERGED from [androidx.compose.ui:ui-android:1.9.2] AndroidManifest.xml:5:5-44
MERGED from [androidx.activity:activity-ktx:1.11.0] AndroidManifest.xml:5:5-44
MERGED from [androidx.activity:activity-ktx:1.11.0] AndroidManifest.xml:5:5-44
MERGED from [androidx.activity:activity:1.11.0] AndroidManifest.xml:20:5-44
MERGED from [androidx.activity:activity:1.11.0] AndroidManifest.xml:20:5-44
MERGED from [androidx.activity:activity-compose:1.11.0] AndroidManifest.xml:5:5-44
MERGED from [androidx.activity:activity-compose:1.11.0] AndroidManifest.xml:5:5-44
MERGED from [androidx.drawerlayout:drawerlayout:1.1.1] AndroidManifest.xml:20:5-22:41
MERGED from [androidx.drawerlayout:drawerlayout:1.1.1] AndroidManifest.xml:20:5-22:41
MERGED from [androidx.coordinatorlayout:coordinatorlayout:1.1.0] AndroidManifest.xml:20:5-22:41
MERGED from [androidx.coordinatorlayout:coordinatorlayout:1.1.0] AndroidManifest.xml:20:5-22:41
MERGED from [androidx.transition:transition:1.5.0] AndroidManifest.xml:5:5-44
MERGED from [androidx.transition:transition:1.5.0] AndroidManifest.xml:5:5-44
MERGED from [androidx.dynamicanimation:dynamicanimation:1.1.0] AndroidManifest.xml:5:5-44
MERGED from [androidx.dynamicanimation:dynamicanimation:1.1.0] AndroidManifest.xml:5:5-44
MERGED from [androidx.recyclerview:recyclerview:1.2.1] AndroidManifest.xml:20:5-22:41
MERGED from [androidx.recyclerview:recyclerview:1.2.1] AndroidManifest.xml:20:5-22:41
MERGED from [androidx.vectordrawable:vectordrawable-animated:1.1.0] AndroidManifest.xml:20:5-22:41
MERGED from [androidx.vectordrawable:vectordrawable-animated:1.1.0] AndroidManifest.xml:20:5-22:41
MERGED from [androidx.vectordrawable:vectordrawable:1.1.0] AndroidManifest.xml:20:5-22:41
MERGED from [androidx.vectordrawable:vectordrawable:1.1.0] AndroidManifest.xml:20:5-22:41
MERGED from [androidx.loader:loader:1.0.0] AndroidManifest.xml:20:5-44
MERGED from [androidx.loader:loader:1.0.0] AndroidManifest.xml:20:5-44
MERGED from [androidx.viewpager:viewpager:1.0.0] AndroidManifest.xml:20:5-44
MERGED from [androidx.viewpager:viewpager:1.0.0] AndroidManifest.xml:20:5-44
MERGED from [androidx.customview:customview:1.1.0] AndroidManifest.xml:20:5-22:41
MERGED from [androidx.customview:customview:1.1.0] AndroidManifest.xml:20:5-22:41